
DevTools listening on ws://127.0.0.1:9333/devtools/browser/ab1a08df-cf7c-4f5d-8b04-fde077e2f39f
Created TensorFlow Lite XNNPACK delegate for CPU.
Trying to load the allocator multiple times. This is *not* supported.
[74260:1299871:0408/112933.009753:ERROR:google_apis/gcm/engine/registration_request.cc:291] Registration response error message: DEPRECATED_ENDPOINT
[74287:1300506:0408/112947.968109:VERBOSE1:chrome/updater/updater.cc:432] Version: 148.0.7730.0, opt, ARM_64, command line: /Users/cjw/Library/Application Support/Google/GoogleUpdater/148.0.7730.0/GoogleUpdater.app/Contents/MacOS/GoogleUpdater --wake-all --enable-logging --vmodule=*/components/update_client/*=2,*/chrome/enterprise_companion/*=2,*/chrome/updater/*=2
[74287:1300506:0408/112947.968293:VERBOSE1:chrome/updater/updater.cc:435] OS version: 26.3.1, arch: arm64, System uptime (seconds): 74905, parent pid: 74260
[74287:1300506:0408/112947.970090:VERBOSE2:chrome/updater/event_history.cc:270] Emitted a UPDATER_PROCESS START event to the history log
[74289:1300510:0408/112947.976877:VERBOSE1:chrome/updater/updater.cc:432] Version: 148.0.7730.0, opt, ARM_64, command line: /Users/cjw/Library/Application Support/Google/GoogleUpdater/148.0.7730.0/GoogleUpdater.app/Contents/MacOS/GoogleUpdater --crash-handler --database=/Users/cjw/Library/Application Support/Google/GoogleUpdater/148.0.7730.0/Crashpad --url=https://clients2.google.com/cr/report --annotation=prod=Update4 --annotation=ver=148.0.7730.0 --handshake-fd=6 --enable-logging --vmodule=*/components/update_client/*=2,*/chrome/enterprise_companion/*=2,*/chrome/updater/*=2
[74289:1300510:0408/112947.977057:VERBOSE1:chrome/updater/updater.cc:435] OS version: 26.3.1, arch: arm64, System uptime (seconds): 74905, parent pid: 1
[74289:1300510:0408/112947.978767:VERBOSE2:chrome/updater/event_history.cc:270] Emitted a UPDATER_PROCESS START event to the history log
[74287:1300506:0408/112947.979232:VERBOSE1:chrome/updater/crash_reporter.cc:129] Crash handler launched and ready.
[74287:1300506:0408/112947.979708:VERBOSE1:chrome/updater/crash_client.cc:108] Found 0 completed crash reports
[74287:1300506:0408/112947.979762:VERBOSE1:chrome/updater/crash_client.cc:132] Found 0 pending crash reports
[74287:1300506:0408/112947.979812:ERROR:third_party/crashpad/crashpad/util/file/file_io_posix.cc:145] open /Users/cjw/Library/Application Support/Google/RLZ/Crashpad/settings.dat: No such file or directory (2)
[74287:1300506:0408/112947.979847:VERBOSE1:chrome/updater/updater.cc:106] Crash reporting initialized.
[74287:1300518:0408/112947.980071:VERBOSE1:chrome/updater/app/app_wakeall.cc:56] Launching `/Users/cjw/Library/Application Support/Google/GoogleUpdater/148.0.7730.0/GoogleUpdater.app/Contents/MacOS/GoogleUpdater --wake`
[74290:1300522:0408/112947.986210:VERBOSE1:chrome/updater/updater.cc:432] Version: 148.0.7730.0, opt, ARM_64, command line: /Users/cjw/Library/Application Support/Google/GoogleUpdater/148.0.7730.0/GoogleUpdater.app/Contents/MacOS/GoogleUpdater --wake --enable-logging --vmodule=*/components/update_client/*=2,*/chrome/enterprise_companion/*=2,*/chrome/updater/*=2
[74290:1300522:0408/112947.986339:VERBOSE1:chrome/updater/updater.cc:435] OS version: 26.3.1, arch: arm64, System uptime (seconds): 74905, parent pid: 74287
[74290:1300522:0408/112947.987789:VERBOSE2:chrome/updater/event_history.cc:270] Emitted a UPDATER_PROCESS START event to the history log
[74292:1300526:0408/112947.993279:VERBOSE1:chrome/updater/updater.cc:432] Version: 148.0.7730.0, opt, ARM_64, command line: /Users/cjw/Library/Application Support/Google/GoogleUpdater/148.0.7730.0/GoogleUpdater.app/Contents/MacOS/GoogleUpdater --crash-handler --database=/Users/cjw/Library/Application Support/Google/GoogleUpdater/148.0.7730.0/Crashpad --url=https://clients2.google.com/cr/report --annotation=prod=Update4 --annotation=ver=148.0.7730.0 --handshake-fd=6 --enable-logging --vmodule=*/components/update_client/*=2,*/chrome/enterprise_companion/*=2,*/chrome/updater/*=2
[74292:1300526:0408/112947.993390:VERBOSE1:chrome/updater/updater.cc:435] OS version: 26.3.1, arch: arm64, System uptime (seconds): 74905, parent pid: 1
[74292:1300526:0408/112947.994688:VERBOSE2:chrome/updater/event_history.cc:270] Emitted a UPDATER_PROCESS START event to the history log
[74290:1300522:0408/112947.995059:VERBOSE1:chrome/updater/crash_reporter.cc:129] Crash handler launched and ready.
[74290:1300522:0408/112947.995524:VERBOSE1:chrome/updater/crash_client.cc:108] Found 0 completed crash reports
[74290:1300522:0408/112947.995570:VERBOSE1:chrome/updater/crash_client.cc:132] Found 0 pending crash reports
[74290:1300522:0408/112947.995611:ERROR:third_party/crashpad/crashpad/util/file/file_io_posix.cc:145] open /Users/cjw/Library/Application Support/Google/RLZ/Crashpad/settings.dat: No such file or directory (2)
[74290:1300522:0408/112947.995639:VERBOSE1:chrome/updater/updater.cc:106] Crash reporting initialized.
[74290:1300522:0408/112947.995749:VERBOSE1:chrome/updater/ipc/update_service_internal_proxy_mojo.cc:59] Run
[74260:1299871:0408/113002.696121:ERROR:google_apis/gcm/engine/registration_request.cc:291] Registration response error message: DEPRECATED_ENDPOINT
[74290:1300522:0408/113005.363244:VERBOSE1:chrome/updater/app/app.cc:53] Shutdown: 0
[74290:1300522:0408/113005.363693:VERBOSE2:chrome/updater/event_history.cc:270] Emitted a UPDATER_PROCESS END event to the history log
[74290:1300522:0408/113005.363709:VERBOSE1:chrome/updater/updater.cc:470] UpdaterMain (--wake) returned 0.
[74287:1300518:0408/113005.596388:VERBOSE1:chrome/updater/app/app_wakeall.cc:66] `/Users/cjw/Library/Application Support/Google/GoogleUpdater/148.0.7730.0/GoogleUpdater.app/Contents/MacOS/GoogleUpdater --wake` exited 0
[74287:1300506:0408/113005.596822:VERBOSE1:chrome/updater/app/app.cc:53] Shutdown: 0
[74287:1300506:0408/113005.597187:VERBOSE2:chrome/updater/event_history.cc:270] Emitted a UPDATER_PROCESS END event to the history log
[74287:1300506:0408/113005.597208:VERBOSE1:chrome/updater/updater.cc:470] UpdaterMain (--wake-all) returned 0.
[74292:1300526:0408/113015.370704:VERBOSE2:chrome/updater/event_history.cc:270] Emitted a UPDATER_PROCESS END event to the history log
[74292:1300526:0408/113015.370735:VERBOSE1:chrome/updater/updater.cc:470] UpdaterMain (--crash-handler) returned 0.
[74289:1300510:0408/113015.371842:VERBOSE2:chrome/updater/event_history.cc:270] Emitted a UPDATER_PROCESS END event to the history log
[74289:1300510:0408/113015.372030:VERBOSE1:chrome/updater/updater.cc:470] UpdaterMain (--crash-handler) returned 0.
[74260:1299871:0408/113052.196263:ERROR:google_apis/gcm/engine/registration_request.cc:291] Registration response error message: DEPRECATED_ENDPOINT
[74260:1299871:0408/113057.724824:ERROR:google_apis/gcm/engine/registration_request.cc:291] Registration response error message: DEPRECATED_ENDPOINT
[74260:1299871:0408/113118.001717:ERROR:google_apis/gcm/engine/registration_request.cc:291] Registration response error message: DEPRECATED_ENDPOINT
[74260:1299871:0408/113204.328198:ERROR:google_apis/gcm/engine/registration_request.cc:291] Registration response error message: DEPRECATED_ENDPOINT
[74260:1299871:0408/113319.165696:ERROR:google_apis/gcm/engine/connection_factory_impl.cc:483] ConnectionHandler failed with net error: -2
[74260:1299871:0408/113403.053906:ERROR:google_apis/gcm/engine/registration_request.cc:291] Registration response error message: DEPRECATED_ENDPOINT
[74260:1299871:0408/113509.127227:ERROR:google_apis/gcm/engine/connection_factory_impl.cc:483] ConnectionHandler failed with net error: -2
[74260:1299871:0408/113649.789638:ERROR:google_apis/gcm/engine/connection_factory_impl.cc:483] ConnectionHandler failed with net error: -2
[74260:1299871:0408/113715.684056:ERROR:google_apis/gcm/engine/registration_request.cc:291] Registration response error message: DEPRECATED_ENDPOINT
[74260:1299871:0408/113927.297241:ERROR:google_apis/gcm/engine/connection_factory_impl.cc:483] ConnectionHandler failed with net error: -2
[74260:1299871:0408/114110.139155:ERROR:google_apis/gcm/engine/connection_factory_impl.cc:483] ConnectionHandler failed with net error: -2
[74260:1299871:0408/114306.583571:ERROR:google_apis/gcm/engine/registration_request.cc:291] Registration response error message: DEPRECATED_ENDPOINT
[74260:1299871:0408/114401.061849:ERROR:google_apis/gcm/engine/connection_factory_impl.cc:483] ConnectionHandler failed with net error: -2
[74260:1299871:0408/115921.615700:ERROR:google_apis/gcm/engine/connection_factory_impl.cc:483] ConnectionHandler failed with net error: -2
[74260:1299871:0408/120313.892999:ERROR:google_apis/gcm/engine/connection_factory_impl.cc:483] ConnectionHandler failed with net error: -2
[74260:1299871:0408/121905.417613:ERROR:google_apis/gcm/engine/connection_factory_impl.cc:483] ConnectionHandler failed with net error: -2
[74260:1299871:0408/123506.564534:ERROR:google_apis/gcm/engine/connection_factory_impl.cc:483] ConnectionHandler failed with net error: -2
[74260:1299871:0408/125056.750108:ERROR:google_apis/gcm/engine/connection_factory_impl.cc:483] ConnectionHandler failed with net error: -2
[74260:1299871:0408/125803.615795:ERROR:google_apis/gcm/engine/connection_factory_impl.cc:483] ConnectionHandler failed with net error: -2
[74260:1299871:0408/125955.733878:ERROR:google_apis/gcm/engine/connection_factory_impl.cc:483] ConnectionHandler failed with net error: -2
[74260:1299871:0408/130250.783696:ERROR:google_apis/gcm/engine/connection_factory_impl.cc:483] ConnectionHandler failed with net error: -2
[74260:1299871:0408/130428.066037:ERROR:google_apis/gcm/engine/connection_factory_impl.cc:483] ConnectionHandler failed with net error: -2
[74260:1299871:0408/130711.477396:ERROR:google_apis/gcm/engine/connection_factory_impl.cc:483] ConnectionHandler failed with net error: -2
[74260:1299871:0408/130901.621552:ERROR:google_apis/gcm/engine/connection_factory_impl.cc:483] ConnectionHandler failed with net error: -2
[74260:1299871:0408/131153.617553:ERROR:google_apis/gcm/engine/connection_factory_impl.cc:483] ConnectionHandler failed with net error: -2
[74260:1299871:0408/131323.848983:ERROR:google_apis/gcm/engine/connection_factory_impl.cc:483] ConnectionHandler failed with net error: -2
[74260:1299871:0408/131505.575269:ERROR:google_apis/gcm/engine/connection_factory_impl.cc:483] ConnectionHandler failed with net error: -2
[74260:1299871:0408/131755.556264:ERROR:google_apis/gcm/engine/connection_factory_impl.cc:483] ConnectionHandler failed with net error: -2
[74260:1299871:0408/131939.220474:ERROR:google_apis/gcm/engine/connection_factory_impl.cc:483] ConnectionHandler failed with net error: -2
[74260:1299871:0408/132215.012896:ERROR:google_apis/gcm/engine/connection_factory_impl.cc:483] ConnectionHandler failed with net error: -2
[74260:1299871:0408/132412.946407:ERROR:google_apis/gcm/engine/connection_factory_impl.cc:483] ConnectionHandler failed with net error: -2
[74260:1299871:0408/132646.402509:ERROR:google_apis/gcm/engine/connection_factory_impl.cc:483] ConnectionHandler failed with net error: -2
[74260:1299871:0408/132845.764671:ERROR:google_apis/gcm/engine/connection_factory_impl.cc:483] ConnectionHandler failed with net error: -2
[74260:1299871:0408/133106.260042:ERROR:google_apis/gcm/engine/connection_factory_impl.cc:483] ConnectionHandler failed with net error: -2
[74260:1299871:0408/133248.240009:ERROR:google_apis/gcm/engine/connection_factory_impl.cc:483] ConnectionHandler failed with net error: -2
[74260:1299871:0408/133451.970378:ERROR:google_apis/gcm/engine/connection_factory_impl.cc:483] ConnectionHandler failed with net error: -2
[74260:1299871:0408/133715.574570:ERROR:google_apis/gcm/engine/connection_factory_impl.cc:483] ConnectionHandler failed with net error: -2
[74260:1299871:0408/133926.656484:ERROR:google_apis/gcm/engine/connection_factory_impl.cc:483] ConnectionHandler failed with net error: -2
[74260:1299871:0408/134146.479869:ERROR:google_apis/gcm/engine/connection_factory_impl.cc:483] ConnectionHandler failed with net error: -2
[74260:1299871:0408/134330.523606:ERROR:google_apis/gcm/engine/connection_factory_impl.cc:483] ConnectionHandler failed with net error: -2
[74260:1299871:0408/135902.756800:ERROR:google_apis/gcm/engine/connection_factory_impl.cc:483] ConnectionHandler failed with net error: -2
[74260:1299871:0408/140501.957010:ERROR:google_apis/gcm/engine/connection_factory_impl.cc:483] ConnectionHandler failed with net error: -2
[74260:1299871:0408/140700.847378:ERROR:google_apis/gcm/engine/connection_factory_impl.cc:483] ConnectionHandler failed with net error: -2
[74260:1299871:0408/140842.192074:ERROR:google_apis/gcm/engine/connection_factory_impl.cc:483] ConnectionHandler failed with net error: -2
[74260:1299871:0408/141024.761733:ERROR:google_apis/gcm/engine/connection_factory_impl.cc:483] ConnectionHandler failed with net error: -2
[74260:1299871:0408/141311.316010:ERROR:google_apis/gcm/engine/connection_factory_impl.cc:483] ConnectionHandler failed with net error: -2
[74260:1299871:0408/141453.123551:ERROR:google_apis/gcm/engine/connection_factory_impl.cc:483] ConnectionHandler failed with net error: -2
[74260:1299871:0408/141641.499548:ERROR:google_apis/gcm/engine/connection_factory_impl.cc:483] ConnectionHandler failed with net error: -2
[74260:1299871:0408/141917.927668:ERROR:google_apis/gcm/engine/connection_factory_impl.cc:483] ConnectionHandler failed with net error: -2
[74260:1299871:0408/142056.286394:ERROR:google_apis/gcm/engine/connection_factory_impl.cc:483] ConnectionHandler failed with net error: -2
[74260:1299871:0408/142353.889628:ERROR:google_apis/gcm/engine/connection_factory_impl.cc:483] ConnectionHandler failed with net error: -2
[74260:1299871:0408/142526.835752:ERROR:google_apis/gcm/engine/connection_factory_impl.cc:483] ConnectionHandler failed with net error: -2
[74260:1299871:0408/142816.462379:ERROR:google_apis/gcm/engine/connection_factory_impl.cc:483] ConnectionHandler failed with net error: -2
[74260:1299871:0408/142958.065908:ERROR:google_apis/gcm/engine/connection_factory_impl.cc:483] ConnectionHandler failed with net error: -2
2026-04-08 14:30:53.636 Google Chrome[74260:1299813] TSM AdjustCapsLockLEDForKeyTransitionHandling - _ISSetPhysicalKeyboardCapsLockLED Inhibit
